<?xml version="1.0" encoding="UTF-8"?>
<!-- Generated by org.testng.reporters.JUnitReportReporter -->
<testsuite hostname="LANKARA" failures="0" tests="3" name="com.sevenrmartsupermarket.tests.LoginTest" time="7.772" errors="0" timestamp="2025-06-03T21:36:52 IST" skipped="0">
  <testcase classname="com.sevenrmartsupermarket.tests.LoginTest" name="testLogin" time="2.524"/>
  <testcase classname="com.sevenrmartsupermarket.tests.LoginTest" name="testLogin" time="1.984"/>
  <testcase classname="com.sevenrmartsupermarket.tests.LoginTest" name="testLogin" time="3.264"/>
</testsuite> <!-- com.sevenrmartsupermarket.tests.LoginTest -->
