<?xml version="1.0" encoding="UTF-8"?>
<!-- Generated by org.testng.reporters.JUnitReportReporter -->
<testsuite hostname="LANKARA" failures="0" tests="1" name="com.sevenrmartsupermarket.tests.DashBoardTest" time="2.548" errors="0" timestamp="2025-06-02T21:13:28 IST" skipped="0">
  <testcase classname="com.sevenrmartsupermarket.tests.DashBoardTest" name="verifyDashboardIsDisplayedAfterLogin" time="2.548"/>
</testsuite> <!-- com.sevenrmartsupermarket.tests.DashBoardTest -->
