<?xml version="1.0" encoding="UTF-8"?>
<!-- Generated by org.testng.reporters.JUnitReportReporter -->
<testsuite hostname="LANKARA" failures="0" tests="1" name="com.sevenrmartsupermarket.tests.AdminUsersMoreInfoPageTest" time="6.723" errors="0" timestamp="2025-06-10T20:16:09 IST" skipped="0">
  <testcase classname="com.sevenrmartsupermarket.tests.AdminUsersMoreInfoPageTest" name="verifyNewUserCreation" time="6.723"/>
</testsuite> <!-- com.sevenrmartsupermarket.tests.AdminUsersMoreInfoPageTest -->
