<?xml version="1.0" encoding="UTF-8"?>
<!-- Generated by org.testng.reporters.JUnitReportReporter -->
<testsuite hostname="LANKARA" failures="0" tests="1" name="com.sevenrmartsupermarket.tests.LoginTests" time="5.835" errors="0" timestamp="2025-05-23T21:31:34 IST" skipped="0">
  <testcase classname="com.sevenrmartsupermarket.tests.LoginTests" name="verifylogo" time="5.835"/>
</testsuite> <!-- com.sevenrmartsupermarket.tests.LoginTests -->
